0 info it worked if it ends with ok
1 verbose cli [ '/usr/bin/node', '/usr/bin/npm', 'run', 'dev' ]
2 info using npm@4.0.3
3 info using node@v7.3.0
4 verbose run-script [ 'predev', 'dev', 'postdev' ]
5 info lifecycle swab_server@0.0.2~predev: swab_server@0.0.2
6 silly lifecycle swab_server@0.0.2~predev: no script for predev, continuing
7 info lifecycle swab_server@0.0.2~dev: swab_server@0.0.2
8 verbose lifecycle swab_server@0.0.2~dev: unsafe-perm in lifecycle true
9 verbose lifecycle swab_server@0.0.2~dev: PATH: /usr/lib/node_modules/npm/bin/node-gyp-bin:/home/itay/coding-academy/vue_projects/vuex-finale-proj-seed/swab-server/node_modules/.bin:/home/itay/.gem/ruby/2.3.0/bin:/home/itay/.config/composer/vendor/bin:/home/itay/jdk1.8.0_111//bin:/usr/local/sbin:/usr/local/bin:/usr/bin:/home/itay/racket/bin/
10 verbose lifecycle swab_server@0.0.2~dev: CWD: /home/itay/coding-academy/vue_projects/vuex-finale-proj-seed/swab-server
11 silly lifecycle swab_server@0.0.2~dev: Args: [ '-c', 'nodemon' ]
12 silly lifecycle swab_server@0.0.2~dev: Returned: code: 1  signal: null
13 info lifecycle swab_server@0.0.2~dev: Failed to exec dev script
14 verbose stack Error: swab_server@0.0.2 dev: `nodemon`
14 verbose stack Exit status 1
14 verbose stack     at EventEmitter.<anonymous> (/usr/lib/node_modules/npm/lib/utils/lifecycle.js:279:16)
14 verbose stack     at emitTwo (events.js:106:13)
14 verbose stack     at EventEmitter.emit (events.js:191:7)
14 verbose stack     at ChildProcess.<anonymous> (/usr/lib/node_modules/npm/lib/utils/spawn.js:40:14)
14 verbose stack     at emitTwo (events.js:106:13)
14 verbose stack     at ChildProcess.emit (events.js:191:7)
14 verbose stack     at maybeClose (internal/child_process.js:885:16)
14 verbose stack     at Process.ChildProcess._handle.onexit (internal/child_process.js:226:5)
15 verbose pkgid swab_server@0.0.2
16 verbose cwd /home/itay/coding-academy/vue_projects/vuex-finale-proj-seed/swab-server
17 error Linux 4.8.11-1-ARCH
18 error argv "/usr/bin/node" "/usr/bin/npm" "run" "dev"
19 error node v7.3.0
20 error npm  v4.0.3
21 error code ELIFECYCLE
22 error swab_server@0.0.2 dev: `nodemon`
22 error Exit status 1
23 error Failed at the swab_server@0.0.2 dev script 'nodemon'.
23 error Make sure you have the latest version of node.js and npm installed.
23 error If you do, this is most likely a problem with the swab_server package,
23 error not with npm itself.
23 error Tell the author that this fails on your system:
23 error     nodemon
23 error You can get information on how to open an issue for this project with:
23 error     npm bugs swab_server
23 error Or if that isn't available, you can get their info via:
23 error     npm owner ls swab_server
23 error There is likely additional logging output above.
24 verbose exit [ 1, true ]
